<?xml version="1.0" encoding="UTF-8"?>
<!-- Generated by org.testng.reporters.JUnitReportReporter -->
<testsuite hostname="DESKTOP-FLR20HU" name="com.ttech.mobileTesting.MyFirstMobileTest" tests="1" failures="0" timestamp="27 Jan 2018 05:14:52 GMT" time="25.258" errors="0">
  <testcase name="test1" time="25.258" classname="com.ttech.mobileTesting.MyFirstMobileTest"/>
</testsuite> <!-- com.ttech.mobileTesting.MyFirstMobileTest -->
